<?xml version="1.0" encoding="UTF-8"?>
<testsuite xmlns:xsi="http://www.w3.org/2001/XMLSchema-instance" xsi:noNamespaceSchemaLocation="https://maven.apache.org/surefire/maven-surefire-plugin/xsd/surefire-test-report.xsd" version="3.0.1" name="com.project.AppTest" time="0.109" tests="4" errors="0" skipped="0" failures="0">
  <properties>
[...]
</properties>
  <testcase name="testGreatestWhenTwoAreEqual" classname="com.project.AppTest" time="0.054"/>
  <testcase name="testGreatestWithNegativeNumbers" classname="com.project.AppTest" time="0.001"/>
  <testcase name="testGreatestWithDistinctNumbers" classname="com.project.AppTest" time="0.001"/>
  <testcase name="testGreatestWithEqualNumbers" classname="com.project.AppTest" time="0.001"/>
</testsuite>